{"op_code": 0, "worker_id": "b0140f87-014f-4462-9097-d91c772d2562-140033353269504", "study_name": "snn-study", "directions": [1]}
{"op_code": 4, "worker_id": "b0140f87-014f-4462-9097-d91c772d2562-140033353269504", "study_id": 0, "datetime_start": "2024-07-01T08:12:40.372029"}
{"op_code": 5, "worker_id": "b0140f87-014f-4462-9097-d91c772d2562-140033353269504", "trial_id": 0, "param_name": "lr", "param_value_internal": 0.00036497363771312215, "distribution": "{\"name\": \"FloatDistribution\", \"attributes\": {\"step\": null, \"low\": 1e-05, \"high\": 0.001, \"log\": true}}"}
{"op_code": 5, "worker_id": "b0140f87-014f-4462-9097-d91c772d2562-140033353269504", "trial_id": 0, "param_name": "epochs", "param_value_internal": 20.0, "distribution": "{\"name\": \"IntDistribution\", \"attributes\": {\"log\": false, \"step\": 5, \"low\": 20, \"high\": 40}}"}
{"op_code": 5, "worker_id": "b0140f87-014f-4462-9097-d91c772d2562-140033353269504", "trial_id": 0, "param_name": "hidden_dim", "param_value_internal": 350.0, "distribution": "{\"name\": \"IntDistribution\", \"attributes\": {\"log\": false, \"step\": 50, \"low\": 50, \"high\": 500}}"}
{"op_code": 5, "worker_id": "b0140f87-014f-4462-9097-d91c772d2562-140033353269504", "trial_id": 0, "param_name": "epoch_annealing", "param_value_internal": 16.0, "distribution": "{\"name\": \"IntDistribution\", \"attributes\": {\"log\": false, \"step\": 1, \"low\": 15, \"high\": 30}}"}
{"op_code": 5, "worker_id": "b0140f87-014f-4462-9097-d91c772d2562-140033353269504", "trial_id": 0, "param_name": "reset_mechanism", "param_value_internal": 1, "distribution": "{\"name\": \"CategoricalDistribution\", \"attributes\": {\"choices\": [\"zero\", \"subtract\"]}}"}
{"op_code": 7, "worker_id": "b0140f87-014f-4462-9097-d91c772d2562-140033353269504", "trial_id": 0, "step": 20, "intermediate_value": 0.7709376215934753}
{"op_code": 6, "worker_id": "b0140f87-014f-4462-9097-d91c772d2562-140033353269504", "trial_id": 0, "state": 1, "values": [0.7709376215934753], "datetime_complete": "2024-07-01T08:15:50.106518"}
{"op_code": 4, "worker_id": "b0140f87-014f-4462-9097-d91c772d2562-140033353269504", "study_id": 0, "datetime_start": "2024-07-01T08:15:50.236316"}
{"op_code": 5, "worker_id": "b0140f87-014f-4462-9097-d91c772d2562-140033353269504", "trial_id": 1, "param_name": "lr", "param_value_internal": 0.0003016575816117932, "distribution": "{\"name\": \"FloatDistribution\", \"attributes\": {\"step\": null, \"low\": 1e-05, \"high\": 0.001, \"log\": true}}"}
{"op_code": 5, "worker_id": "b0140f87-014f-4462-9097-d91c772d2562-140033353269504", "trial_id": 1, "param_name": "epochs", "param_value_internal": 35.0, "distribution": "{\"name\": \"IntDistribution\", \"attributes\": {\"log\": false, \"step\": 5, \"low\": 20, \"high\": 40}}"}
{"op_code": 5, "worker_id": "b0140f87-014f-4462-9097-d91c772d2562-140033353269504", "trial_id": 1, "param_name": "hidden_dim", "param_value_internal": 150.0, "distribution": "{\"name\": \"IntDistribution\", \"attributes\": {\"log\": false, \"step\": 50, \"low\": 50, \"high\": 500}}"}
{"op_code": 5, "worker_id": "b0140f87-014f-4462-9097-d91c772d2562-140033353269504", "trial_id": 1, "param_name": "epoch_annealing", "param_value_internal": 21.0, "distribution": "{\"name\": \"IntDistribution\", \"attributes\": {\"log\": false, \"step\": 1, \"low\": 15, \"high\": 30}}"}
{"op_code": 5, "worker_id": "b0140f87-014f-4462-9097-d91c772d2562-140033353269504", "trial_id": 1, "param_name": "reset_mechanism", "param_value_internal": 0, "distribution": "{\"name\": \"CategoricalDistribution\", \"attributes\": {\"choices\": [\"zero\", \"subtract\"]}}"}
{"op_code": 7, "worker_id": "b0140f87-014f-4462-9097-d91c772d2562-140033353269504", "trial_id": 1, "step": 35, "intermediate_value": 0.7608423829078674}
{"op_code": 9, "worker_id": "b0140f87-014f-4462-9097-d91c772d2562-140033353269504", "trial_id": 1, "system_attr": {"completed_rung_0": 0.7608423829078674}}
{"op_code": 9, "worker_id": "b0140f87-014f-4462-9097-d91c772d2562-140033353269504", "trial_id": 1, "system_attr": {"completed_rung_1": 0.7608423829078674}}
{"op_code": 9, "worker_id": "b0140f87-014f-4462-9097-d91c772d2562-140033353269504", "trial_id": 1, "system_attr": {"completed_rung_2": 0.7608423829078674}}
{"op_code": 6, "worker_id": "b0140f87-014f-4462-9097-d91c772d2562-140033353269504", "trial_id": 1, "state": 1, "values": [0.7608423829078674], "datetime_complete": "2024-07-01T08:20:09.985218"}
{"op_code": 4, "worker_id": "b0140f87-014f-4462-9097-d91c772d2562-140033353269504", "study_id": 0, "datetime_start": "2024-07-01T08:20:10.132236"}
{"op_code": 5, "worker_id": "b0140f87-014f-4462-9097-d91c772d2562-140033353269504", "trial_id": 2, "param_name": "lr", "param_value_internal": 0.00038690927716375067, "distribution": "{\"name\": \"FloatDistribution\", \"attributes\": {\"step\": null, \"low\": 1e-05, \"high\": 0.001, \"log\": true}}"}
{"op_code": 5, "worker_id": "b0140f87-014f-4462-9097-d91c772d2562-140033353269504", "trial_id": 2, "param_name": "epochs", "param_value_internal": 30.0, "distribution": "{\"name\": \"IntDistribution\", \"attributes\": {\"log\": false, \"step\": 5, \"low\": 20, \"high\": 40}}"}
{"op_code": 5, "worker_id": "b0140f87-014f-4462-9097-d91c772d2562-140033353269504", "trial_id": 2, "param_name": "hidden_dim", "param_value_internal": 200.0, "distribution": "{\"name\": \"IntDistribution\", \"attributes\": {\"log\": false, \"step\": 50, \"low\": 50, \"high\": 500}}"}
{"op_code": 5, "worker_id": "b0140f87-014f-4462-9097-d91c772d2562-140033353269504", "trial_id": 2, "param_name": "epoch_annealing", "param_value_internal": 23.0, "distribution": "{\"name\": \"IntDistribution\", \"attributes\": {\"log\": false, \"step\": 1, \"low\": 15, \"high\": 30}}"}
{"op_code": 5, "worker_id": "b0140f87-014f-4462-9097-d91c772d2562-140033353269504", "trial_id": 2, "param_name": "reset_mechanism", "param_value_internal": 0, "distribution": "{\"name\": \"CategoricalDistribution\", \"attributes\": {\"choices\": [\"zero\", \"subtract\"]}}"}
{"op_code": 7, "worker_id": "b0140f87-014f-4462-9097-d91c772d2562-140033353269504", "trial_id": 2, "step": 30, "intermediate_value": 0.8143261075019836}
{"op_code": 9, "worker_id": "b0140f87-014f-4462-9097-d91c772d2562-140033353269504", "trial_id": 2, "system_attr": {"completed_rung_0": 0.8143261075019836}}
{"op_code": 6, "worker_id": "b0140f87-014f-4462-9097-d91c772d2562-140033353269504", "trial_id": 2, "state": 2, "values": [0.8143261075019836], "datetime_complete": "2024-07-01T08:24:15.319545"}
{"op_code": 4, "worker_id": "b0140f87-014f-4462-9097-d91c772d2562-140033353269504", "study_id": 0, "datetime_start": "2024-07-01T08:24:15.445321"}
{"op_code": 5, "worker_id": "b0140f87-014f-4462-9097-d91c772d2562-140033353269504", "trial_id": 3, "param_name": "lr", "param_value_internal": 1.903810463452874e-05, "distribution": "{\"name\": \"FloatDistribution\", \"attributes\": {\"step\": null, \"low\": 1e-05, \"high\": 0.001, \"log\": true}}"}
{"op_code": 5, "worker_id": "b0140f87-014f-4462-9097-d91c772d2562-140033353269504", "trial_id": 3, "param_name": "epochs", "param_value_internal": 30.0, "distribution": "{\"name\": \"IntDistribution\", \"attributes\": {\"log\": false, \"step\": 5, \"low\": 20, \"high\": 40}}"}
{"op_code": 5, "worker_id": "b0140f87-014f-4462-9097-d91c772d2562-140033353269504", "trial_id": 3, "param_name": "hidden_dim", "param_value_internal": 50.0, "distribution": "{\"name\": \"IntDistribution\", \"attributes\": {\"log\": false, \"step\": 50, \"low\": 50, \"high\": 500}}"}
{"op_code": 5, "worker_id": "b0140f87-014f-4462-9097-d91c772d2562-140033353269504", "trial_id": 3, "param_name": "epoch_annealing", "param_value_internal": 27.0, "distribution": "{\"name\": \"IntDistribution\", \"attributes\": {\"log\": false, \"step\": 1, \"low\": 15, \"high\": 30}}"}
{"op_code": 5, "worker_id": "b0140f87-014f-4462-9097-d91c772d2562-140033353269504", "trial_id": 3, "param_name": "reset_mechanism", "param_value_internal": 0, "distribution": "{\"name\": \"CategoricalDistribution\", \"attributes\": {\"choices\": [\"zero\", \"subtract\"]}}"}
{"op_code": 7, "worker_id": "b0140f87-014f-4462-9097-d91c772d2562-140033353269504", "trial_id": 3, "step": 30, "intermediate_value": 0.952385425567627}
{"op_code": 9, "worker_id": "b0140f87-014f-4462-9097-d91c772d2562-140033353269504", "trial_id": 3, "system_attr": {"completed_rung_0": 0.952385425567627}}
{"op_code": 6, "worker_id": "b0140f87-014f-4462-9097-d91c772d2562-140033353269504", "trial_id": 3, "state": 2, "values": [0.952385425567627], "datetime_complete": "2024-07-01T08:26:08.660629"}
{"op_code": 4, "worker_id": "b0140f87-014f-4462-9097-d91c772d2562-140033353269504", "study_id": 0, "datetime_start": "2024-07-01T08:26:08.857923"}
{"op_code": 5, "worker_id": "b0140f87-014f-4462-9097-d91c772d2562-140033353269504", "trial_id": 4, "param_name": "lr", "param_value_internal": 0.0002756415161321624, "distribution": "{\"name\": \"FloatDistribution\", \"attributes\": {\"step\": null, \"low\": 1e-05, \"high\": 0.001, \"log\": true}}"}
{"op_code": 5, "worker_id": "b0140f87-014f-4462-9097-d91c772d2562-140033353269504", "trial_id": 4, "param_name": "epochs", "param_value_internal": 30.0, "distribution": "{\"name\": \"IntDistribution\", \"attributes\": {\"log\": false, \"step\": 5, \"low\": 20, \"high\": 40}}"}
{"op_code": 5, "worker_id": "b0140f87-014f-4462-9097-d91c772d2562-140033353269504", "trial_id": 4, "param_name": "hidden_dim", "param_value_internal": 300.0, "distribution": "{\"name\": \"IntDistribution\", \"attributes\": {\"log\": false, \"step\": 50, \"low\": 50, \"high\": 500}}"}
{"op_code": 5, "worker_id": "b0140f87-014f-4462-9097-d91c772d2562-140033353269504", "trial_id": 4, "param_name": "epoch_annealing", "param_value_internal": 28.0, "distribution": "{\"name\": \"IntDistribution\", \"attributes\": {\"log\": false, \"step\": 1, \"low\": 15, \"high\": 30}}"}
{"op_code": 5, "worker_id": "b0140f87-014f-4462-9097-d91c772d2562-140033353269504", "trial_id": 4, "param_name": "reset_mechanism", "param_value_internal": 1, "distribution": "{\"name\": \"CategoricalDistribution\", \"attributes\": {\"choices\": [\"zero\", \"subtract\"]}}"}
{"op_code": 7, "worker_id": "b0140f87-014f-4462-9097-d91c772d2562-140033353269504", "trial_id": 4, "step": 30, "intermediate_value": 0.7581250071525574}
{"op_code": 9, "worker_id": "b0140f87-014f-4462-9097-d91c772d2562-140033353269504", "trial_id": 4, "system_attr": {"completed_rung_0": 0.7581250071525574}}
{"op_code": 9, "worker_id": "b0140f87-014f-4462-9097-d91c772d2562-140033353269504", "trial_id": 4, "system_attr": {"completed_rung_1": 0.7581250071525574}}
{"op_code": 9, "worker_id": "b0140f87-014f-4462-9097-d91c772d2562-140033353269504", "trial_id": 4, "system_attr": {"completed_rung_2": 0.7581250071525574}}
{"op_code": 6, "worker_id": "b0140f87-014f-4462-9097-d91c772d2562-140033353269504", "trial_id": 4, "state": 1, "values": [0.7581250071525574], "datetime_complete": "2024-07-01T08:35:11.480285"}
{"op_code": 4, "worker_id": "b0140f87-014f-4462-9097-d91c772d2562-140033353269504", "study_id": 0, "datetime_start": "2024-07-01T08:35:11.629287"}
{"op_code": 5, "worker_id": "b0140f87-014f-4462-9097-d91c772d2562-140033353269504", "trial_id": 5, "param_name": "lr", "param_value_internal": 0.00022020358625682047, "distribution": "{\"name\": \"FloatDistribution\", \"attributes\": {\"step\": null, \"low\": 1e-05, \"high\": 0.001, \"log\": true}}"}
{"op_code": 5, "worker_id": "b0140f87-014f-4462-9097-d91c772d2562-140033353269504", "trial_id": 5, "param_name": "epochs", "param_value_internal": 20.0, "distribution": "{\"name\": \"IntDistribution\", \"attributes\": {\"log\": false, \"step\": 5, \"low\": 20, \"high\": 40}}"}
{"op_code": 5, "worker_id": "b0140f87-014f-4462-9097-d91c772d2562-140033353269504", "trial_id": 5, "param_name": "hidden_dim", "param_value_internal": 50.0, "distribution": "{\"name\": \"IntDistribution\", \"attributes\": {\"log\": false, \"step\": 50, \"low\": 50, \"high\": 500}}"}
{"op_code": 5, "worker_id": "b0140f87-014f-4462-9097-d91c772d2562-140033353269504", "trial_id": 5, "param_name": "epoch_annealing", "param_value_internal": 19.0, "distribution": "{\"name\": \"IntDistribution\", \"attributes\": {\"log\": false, \"step\": 1, \"low\": 15, \"high\": 30}}"}
{"op_code": 5, "worker_id": "b0140f87-014f-4462-9097-d91c772d2562-140033353269504", "trial_id": 5, "param_name": "reset_mechanism", "param_value_internal": 0, "distribution": "{\"name\": \"CategoricalDistribution\", \"attributes\": {\"choices\": [\"zero\", \"subtract\"]}}"}
{"op_code": 7, "worker_id": "b0140f87-014f-4462-9097-d91c772d2562-140033353269504", "trial_id": 5, "step": 20, "intermediate_value": 0.7853085398674011}
{"op_code": 9, "worker_id": "b0140f87-014f-4462-9097-d91c772d2562-140033353269504", "trial_id": 5, "system_attr": {"completed_rung_0": 0.7853085398674011}}
{"op_code": 6, "worker_id": "b0140f87-014f-4462-9097-d91c772d2562-140033353269504", "trial_id": 5, "state": 2, "values": [0.7853085398674011], "datetime_complete": "2024-07-01T08:41:20.625614"}
{"op_code": 4, "worker_id": "b0140f87-014f-4462-9097-d91c772d2562-140033353269504", "study_id": 0, "datetime_start": "2024-07-01T08:41:20.754845"}
{"op_code": 5, "worker_id": "b0140f87-014f-4462-9097-d91c772d2562-140033353269504", "trial_id": 6, "param_name": "lr", "param_value_internal": 6.300749358396484e-05, "distribution": "{\"name\": \"FloatDistribution\", \"attributes\": {\"step\": null, \"low\": 1e-05, \"high\": 0.001, \"log\": true}}"}
{"op_code": 5, "worker_id": "b0140f87-014f-4462-9097-d91c772d2562-140033353269504", "trial_id": 6, "param_name": "epochs", "param_value_internal": 35.0, "distribution": "{\"name\": \"IntDistribution\", \"attributes\": {\"log\": false, \"step\": 5, \"low\": 20, \"high\": 40}}"}
{"op_code": 5, "worker_id": "b0140f87-014f-4462-9097-d91c772d2562-140033353269504", "trial_id": 6, "param_name": "hidden_dim", "param_value_internal": 200.0, "distribution": "{\"name\": \"IntDistribution\", \"attributes\": {\"log\": false, \"step\": 50, \"low\": 50, \"high\": 500}}"}
{"op_code": 5, "worker_id": "b0140f87-014f-4462-9097-d91c772d2562-140033353269504", "trial_id": 6, "param_name": "epoch_annealing", "param_value_internal": 24.0, "distribution": "{\"name\": \"IntDistribution\", \"attributes\": {\"log\": false, \"step\": 1, \"low\": 15, \"high\": 30}}"}
{"op_code": 5, "worker_id": "b0140f87-014f-4462-9097-d91c772d2562-140033353269504", "trial_id": 6, "param_name": "reset_mechanism", "param_value_internal": 1, "distribution": "{\"name\": \"CategoricalDistribution\", \"attributes\": {\"choices\": [\"zero\", \"subtract\"]}}"}
{"op_code": 7, "worker_id": "b0140f87-014f-4462-9097-d91c772d2562-140033353269504", "trial_id": 6, "step": 35, "intermediate_value": 0.7532339692115784}
{"op_code": 9, "worker_id": "b0140f87-014f-4462-9097-d91c772d2562-140033353269504", "trial_id": 6, "system_attr": {"completed_rung_0": 0.7532339692115784}}
{"op_code": 9, "worker_id": "b0140f87-014f-4462-9097-d91c772d2562-140033353269504", "trial_id": 6, "system_attr": {"completed_rung_1": 0.7532339692115784}}
{"op_code": 9, "worker_id": "b0140f87-014f-4462-9097-d91c772d2562-140033353269504", "trial_id": 6, "system_attr": {"completed_rung_2": 0.7532339692115784}}
{"op_code": 6, "worker_id": "b0140f87-014f-4462-9097-d91c772d2562-140033353269504", "trial_id": 6, "state": 1, "values": [0.7532339692115784], "datetime_complete": "2024-07-01T08:52:39.726687"}
{"op_code": 4, "worker_id": "b0140f87-014f-4462-9097-d91c772d2562-140033353269504", "study_id": 0, "datetime_start": "2024-07-01T08:52:39.883631"}
{"op_code": 5, "worker_id": "b0140f87-014f-4462-9097-d91c772d2562-140033353269504", "trial_id": 7, "param_name": "lr", "param_value_internal": 4.456884477894122e-05, "distribution": "{\"name\": \"FloatDistribution\", \"attributes\": {\"step\": null, \"low\": 1e-05, \"high\": 0.001, \"log\": true}}"}
{"op_code": 5, "worker_id": "b0140f87-014f-4462-9097-d91c772d2562-140033353269504", "trial_id": 7, "param_name": "epochs", "param_value_internal": 30.0, "distribution": "{\"name\": \"IntDistribution\", \"attributes\": {\"log\": false, \"step\": 5, \"low\": 20, \"high\": 40}}"}
{"op_code": 5, "worker_id": "b0140f87-014f-4462-9097-d91c772d2562-140033353269504", "trial_id": 7, "param_name": "hidden_dim", "param_value_internal": 400.0, "distribution": "{\"name\": \"IntDistribution\", \"attributes\": {\"log\": false, \"step\": 50, \"low\": 50, \"high\": 500}}"}
{"op_code": 5, "worker_id": "b0140f87-014f-4462-9097-d91c772d2562-140033353269504", "trial_id": 7, "param_name": "epoch_annealing", "param_value_internal": 15.0, "distribution": "{\"name\": \"IntDistribution\", \"attributes\": {\"log\": false, \"step\": 1, \"low\": 15, \"high\": 30}}"}
{"op_code": 5, "worker_id": "b0140f87-014f-4462-9097-d91c772d2562-140033353269504", "trial_id": 7, "param_name": "reset_mechanism", "param_value_internal": 1, "distribution": "{\"name\": \"CategoricalDistribution\", \"attributes\": {\"choices\": [\"zero\", \"subtract\"]}}"}
{"op_code": 7, "worker_id": "b0140f87-014f-4462-9097-d91c772d2562-140033353269504", "trial_id": 7, "step": 30, "intermediate_value": 0.7821329832077026}
{"op_code": 9, "worker_id": "b0140f87-014f-4462-9097-d91c772d2562-140033353269504", "trial_id": 7, "system_attr": {"completed_rung_0": 0.7821329832077026}}
{"op_code": 6, "worker_id": "b0140f87-014f-4462-9097-d91c772d2562-140033353269504", "trial_id": 7, "state": 2, "values": [0.7821329832077026], "datetime_complete": "2024-07-01T09:01:40.428896"}
{"op_code": 4, "worker_id": "b0140f87-014f-4462-9097-d91c772d2562-140033353269504", "study_id": 0, "datetime_start": "2024-07-01T09:01:40.558541"}
{"op_code": 5, "worker_id": "b0140f87-014f-4462-9097-d91c772d2562-140033353269504", "trial_id": 8, "param_name": "lr", "param_value_internal": 2.1137853133802025e-05, "distribution": "{\"name\": \"FloatDistribution\", \"attributes\": {\"step\": null, \"low\": 1e-05, \"high\": 0.001, \"log\": true}}"}
{"op_code": 5, "worker_id": "b0140f87-014f-4462-9097-d91c772d2562-140033353269504", "trial_id": 8, "param_name": "epochs", "param_value_internal": 35.0, "distribution": "{\"name\": \"IntDistribution\", \"attributes\": {\"log\": false, \"step\": 5, \"low\": 20, \"high\": 40}}"}
{"op_code": 5, "worker_id": "b0140f87-014f-4462-9097-d91c772d2562-140033353269504", "trial_id": 8, "param_name": "hidden_dim", "param_value_internal": 50.0, "distribution": "{\"name\": \"IntDistribution\", \"attributes\": {\"log\": false, \"step\": 50, \"low\": 50, \"high\": 500}}"}
{"op_code": 5, "worker_id": "b0140f87-014f-4462-9097-d91c772d2562-140033353269504", "trial_id": 8, "param_name": "epoch_annealing", "param_value_internal": 24.0, "distribution": "{\"name\": \"IntDistribution\", \"attributes\": {\"log\": false, \"step\": 1, \"low\": 15, \"high\": 30}}"}
{"op_code": 5, "worker_id": "b0140f87-014f-4462-9097-d91c772d2562-140033353269504", "trial_id": 8, "param_name": "reset_mechanism", "param_value_internal": 0, "distribution": "{\"name\": \"CategoricalDistribution\", \"attributes\": {\"choices\": [\"zero\", \"subtract\"]}}"}
{"op_code": 7, "worker_id": "b0140f87-014f-4462-9097-d91c772d2562-140033353269504", "trial_id": 8, "step": 35, "intermediate_value": 0.80622398853302}
{"op_code": 9, "worker_id": "b0140f87-014f-4462-9097-d91c772d2562-140033353269504", "trial_id": 8, "system_attr": {"completed_rung_0": 0.80622398853302}}
{"op_code": 6, "worker_id": "b0140f87-014f-4462-9097-d91c772d2562-140033353269504", "trial_id": 8, "state": 2, "values": [0.80622398853302], "datetime_complete": "2024-07-01T09:12:26.290012"}
{"op_code": 4, "worker_id": "b0140f87-014f-4462-9097-d91c772d2562-140033353269504", "study_id": 0, "datetime_start": "2024-07-01T09:12:26.463266"}
{"op_code": 5, "worker_id": "b0140f87-014f-4462-9097-d91c772d2562-140033353269504", "trial_id": 9, "param_name": "lr", "param_value_internal": 5.0816133185283775e-05, "distribution": "{\"name\": \"FloatDistribution\", \"attributes\": {\"step\": null, \"low\": 1e-05, \"high\": 0.001, \"log\": true}}"}
{"op_code": 5, "worker_id": "b0140f87-014f-4462-9097-d91c772d2562-140033353269504", "trial_id": 9, "param_name": "epochs", "param_value_internal": 20.0, "distribution": "{\"name\": \"IntDistribution\", \"attributes\": {\"log\": false, \"step\": 5, \"low\": 20, \"high\": 40}}"}
{"op_code": 5, "worker_id": "b0140f87-014f-4462-9097-d91c772d2562-140033353269504", "trial_id": 9, "param_name": "hidden_dim", "param_value_internal": 200.0, "distribution": "{\"name\": \"IntDistribution\", \"attributes\": {\"log\": false, \"step\": 50, \"low\": 50, \"high\": 500}}"}
{"op_code": 5, "worker_id": "b0140f87-014f-4462-9097-d91c772d2562-140033353269504", "trial_id": 9, "param_name": "epoch_annealing", "param_value_internal": 20.0, "distribution": "{\"name\": \"IntDistribution\", \"attributes\": {\"log\": false, \"step\": 1, \"low\": 15, \"high\": 30}}"}
{"op_code": 5, "worker_id": "b0140f87-014f-4462-9097-d91c772d2562-140033353269504", "trial_id": 9, "param_name": "reset_mechanism", "param_value_internal": 0, "distribution": "{\"name\": \"CategoricalDistribution\", \"attributes\": {\"choices\": [\"zero\", \"subtract\"]}}"}
{"op_code": 7, "worker_id": "b0140f87-014f-4462-9097-d91c772d2562-140033353269504", "trial_id": 9, "step": 20, "intermediate_value": 0.9523859024047852}
{"op_code": 9, "worker_id": "b0140f87-014f-4462-9097-d91c772d2562-140033353269504", "trial_id": 9, "system_attr": {"completed_rung_0": 0.9523859024047852}}
{"op_code": 6, "worker_id": "b0140f87-014f-4462-9097-d91c772d2562-140033353269504", "trial_id": 9, "state": 2, "values": [0.9523859024047852], "datetime_complete": "2024-07-01T09:14:26.932088"}
{"op_code": 0, "worker_id": "63533e87-e573-4411-bdbc-6e57a1586115-140607929372928", "study_name": "snn-study", "directions": [1]}
{"op_code": 4, "worker_id": "63533e87-e573-4411-bdbc-6e57a1586115-140607929372928", "study_id": 0, "datetime_start": "2024-07-01T09:17:50.043078"}
{"op_code": 5, "worker_id": "63533e87-e573-4411-bdbc-6e57a1586115-140607929372928", "trial_id": 10, "param_name": "lr", "param_value_internal": 0.0009702627672552527, "distribution": "{\"name\": \"FloatDistribution\", \"attributes\": {\"step\": null, \"low\": 1e-05, \"high\": 0.001, \"log\": true}}"}
{"op_code": 5, "worker_id": "63533e87-e573-4411-bdbc-6e57a1586115-140607929372928", "trial_id": 10, "param_name": "epochs", "param_value_internal": 35.0, "distribution": "{\"name\": \"IntDistribution\", \"attributes\": {\"log\": false, \"step\": 5, \"low\": 20, \"high\": 40}}"}
{"op_code": 5, "worker_id": "63533e87-e573-4411-bdbc-6e57a1586115-140607929372928", "trial_id": 10, "param_name": "hidden_dim", "param_value_internal": 500.0, "distribution": "{\"name\": \"IntDistribution\", \"attributes\": {\"log\": false, \"step\": 50, \"low\": 50, \"high\": 500}}"}
{"op_code": 5, "worker_id": "63533e87-e573-4411-bdbc-6e57a1586115-140607929372928", "trial_id": 10, "param_name": "epoch_annealing", "param_value_internal": 25.0, "distribution": "{\"name\": \"IntDistribution\", \"attributes\": {\"log\": false, \"step\": 1, \"low\": 15, \"high\": 30}}"}
{"op_code": 5, "worker_id": "63533e87-e573-4411-bdbc-6e57a1586115-140607929372928", "trial_id": 10, "param_name": "reset_mechanism", "param_value_internal": 1, "distribution": "{\"name\": \"CategoricalDistribution\", \"attributes\": {\"choices\": [\"zero\", \"subtract\"]}}"}
{"op_code": 7, "worker_id": "63533e87-e573-4411-bdbc-6e57a1586115-140607929372928", "trial_id": 10, "step": 35, "intermediate_value": 0.763655960559845}
{"op_code": 9, "worker_id": "63533e87-e573-4411-bdbc-6e57a1586115-140607929372928", "trial_id": 10, "system_attr": {"completed_rung_0": 0.763655960559845}}
{"op_code": 6, "worker_id": "63533e87-e573-4411-bdbc-6e57a1586115-140607929372928", "trial_id": 10, "state": 2, "values": [0.763655960559845], "datetime_complete": "2024-07-01T09:20:11.965479"}
{"op_code": 0, "worker_id": "f062afb8-89ba-410b-bcdc-6b92a84cfcd5-139932741366016", "study_name": "snn-study", "directions": [1]}
{"op_code": 4, "worker_id": "f062afb8-89ba-410b-bcdc-6b92a84cfcd5-139932741366016", "study_id": 0, "datetime_start": "2024-07-01T09:38:19.041081"}
{"op_code": 5, "worker_id": "f062afb8-89ba-410b-bcdc-6b92a84cfcd5-139932741366016", "trial_id": 11, "param_name": "lr", "param_value_internal": 0.00011262784169663099, "distribution": "{\"name\": \"FloatDistribution\", \"attributes\": {\"step\": null, \"low\": 1e-05, \"high\": 0.001, \"log\": true}}"}
{"op_code": 5, "worker_id": "f062afb8-89ba-410b-bcdc-6b92a84cfcd5-139932741366016", "trial_id": 11, "param_name": "epochs", "param_value_internal": 40.0, "distribution": "{\"name\": \"IntDistribution\", \"attributes\": {\"log\": false, \"step\": 5, \"low\": 20, \"high\": 40}}"}
{"op_code": 5, "worker_id": "f062afb8-89ba-410b-bcdc-6b92a84cfcd5-139932741366016", "trial_id": 11, "param_name": "hidden_dim", "param_value_internal": 300.0, "distribution": "{\"name\": \"IntDistribution\", \"attributes\": {\"log\": false, \"step\": 50, \"low\": 50, \"high\": 500}}"}
{"op_code": 5, "worker_id": "f062afb8-89ba-410b-bcdc-6b92a84cfcd5-139932741366016", "trial_id": 11, "param_name": "epoch_annealing", "param_value_internal": 30.0, "distribution": "{\"name\": \"IntDistribution\", \"attributes\": {\"log\": false, \"step\": 1, \"low\": 15, \"high\": 30}}"}
{"op_code": 5, "worker_id": "f062afb8-89ba-410b-bcdc-6b92a84cfcd5-139932741366016", "trial_id": 11, "param_name": "reset_mechanism", "param_value_internal": 1, "distribution": "{\"name\": \"CategoricalDistribution\", \"attributes\": {\"choices\": [\"zero\", \"subtract\"]}}"}
{"op_code": 7, "worker_id": "f062afb8-89ba-410b-bcdc-6b92a84cfcd5-139932741366016", "trial_id": 11, "step": 40, "intermediate_value": 0.7633659839630127}
{"op_code": 9, "worker_id": "f062afb8-89ba-410b-bcdc-6b92a84cfcd5-139932741366016", "trial_id": 11, "system_attr": {"completed_rung_0": 0.7633659839630127}}
{"op_code": 6, "worker_id": "f062afb8-89ba-410b-bcdc-6b92a84cfcd5-139932741366016", "trial_id": 11, "state": 2, "values": [0.7633659839630127], "datetime_complete": "2024-07-01T09:43:22.784086"}
{"op_code": 4, "worker_id": "f062afb8-89ba-410b-bcdc-6b92a84cfcd5-139932741366016", "study_id": 0, "datetime_start": "2024-07-01T09:43:22.914109"}
{"op_code": 5, "worker_id": "f062afb8-89ba-410b-bcdc-6b92a84cfcd5-139932741366016", "trial_id": 12, "param_name": "lr", "param_value_internal": 0.00011017274795782166, "distribution": "{\"name\": \"FloatDistribution\", \"attributes\": {\"step\": null, \"low\": 1e-05, \"high\": 0.001, \"log\": true}}"}
{"op_code": 5, "worker_id": "f062afb8-89ba-410b-bcdc-6b92a84cfcd5-139932741366016", "trial_id": 12, "param_name": "epochs", "param_value_internal": 25.0, "distribution": "{\"name\": \"IntDistribution\", \"attributes\": {\"log\": false, \"step\": 5, \"low\": 20, \"high\": 40}}"}
{"op_code": 5, "worker_id": "f062afb8-89ba-410b-bcdc-6b92a84cfcd5-139932741366016", "trial_id": 12, "param_name": "hidden_dim", "param_value_internal": 250.0, "distribution": "{\"name\": \"IntDistribution\", \"attributes\": {\"log\": false, \"step\": 50, \"low\": 50, \"high\": 500}}"}
{"op_code": 5, "worker_id": "f062afb8-89ba-410b-bcdc-6b92a84cfcd5-139932741366016", "trial_id": 12, "param_name": "epoch_annealing", "param_value_internal": 28.0, "distribution": "{\"name\": \"IntDistribution\", \"attributes\": {\"log\": false, \"step\": 1, \"low\": 15, \"high\": 30}}"}
{"op_code": 5, "worker_id": "f062afb8-89ba-410b-bcdc-6b92a84cfcd5-139932741366016", "trial_id": 12, "param_name": "reset_mechanism", "param_value_internal": 1, "distribution": "{\"name\": \"CategoricalDistribution\", \"attributes\": {\"choices\": [\"zero\", \"subtract\"]}}"}
{"op_code": 7, "worker_id": "f062afb8-89ba-410b-bcdc-6b92a84cfcd5-139932741366016", "trial_id": 12, "step": 25, "intermediate_value": 0.767259955406189}
{"op_code": 9, "worker_id": "f062afb8-89ba-410b-bcdc-6b92a84cfcd5-139932741366016", "trial_id": 12, "system_attr": {"completed_rung_0": 0.767259955406189}}
{"op_code": 6, "worker_id": "f062afb8-89ba-410b-bcdc-6b92a84cfcd5-139932741366016", "trial_id": 12, "state": 2, "values": [0.767259955406189], "datetime_complete": "2024-07-01T09:49:15.379867"}
{"op_code": 4, "worker_id": "f062afb8-89ba-410b-bcdc-6b92a84cfcd5-139932741366016", "study_id": 0, "datetime_start": "2024-07-01T09:49:15.514113"}
{"op_code": 5, "worker_id": "f062afb8-89ba-410b-bcdc-6b92a84cfcd5-139932741366016", "trial_id": 13, "param_name": "lr", "param_value_internal": 5.097934628209824e-05, "distribution": "{\"name\": \"FloatDistribution\", \"attributes\": {\"step\": null, \"low\": 1e-05, \"high\": 0.001, \"log\": true}}"}
{"op_code": 5, "worker_id": "f062afb8-89ba-410b-bcdc-6b92a84cfcd5-139932741366016", "trial_id": 13, "param_name": "epochs", "param_value_internal": 40.0, "distribution": "{\"name\": \"IntDistribution\", \"attributes\": {\"log\": false, \"step\": 5, \"low\": 20, \"high\": 40}}"}
{"op_code": 5, "worker_id": "f062afb8-89ba-410b-bcdc-6b92a84cfcd5-139932741366016", "trial_id": 13, "param_name": "hidden_dim", "param_value_internal": 400.0, "distribution": "{\"name\": \"IntDistribution\", \"attributes\": {\"log\": false, \"step\": 50, \"low\": 50, \"high\": 500}}"}
{"op_code": 5, "worker_id": "f062afb8-89ba-410b-bcdc-6b92a84cfcd5-139932741366016", "trial_id": 13, "param_name": "epoch_annealing", "param_value_internal": 26.0, "distribution": "{\"name\": \"IntDistribution\", \"attributes\": {\"log\": false, \"step\": 1, \"low\": 15, \"high\": 30}}"}
{"op_code": 5, "worker_id": "f062afb8-89ba-410b-bcdc-6b92a84cfcd5-139932741366016", "trial_id": 13, "param_name": "reset_mechanism", "param_value_internal": 1, "distribution": "{\"name\": \"CategoricalDistribution\", \"attributes\": {\"choices\": [\"zero\", \"subtract\"]}}"}
{"op_code": 7, "worker_id": "f062afb8-89ba-410b-bcdc-6b92a84cfcd5-139932741366016", "trial_id": 13, "step": 40, "intermediate_value": 0.95238196849823}
{"op_code": 9, "worker_id": "f062afb8-89ba-410b-bcdc-6b92a84cfcd5-139932741366016", "trial_id": 13, "system_attr": {"completed_rung_0": 0.95238196849823}}
{"op_code": 6, "worker_id": "f062afb8-89ba-410b-bcdc-6b92a84cfcd5-139932741366016", "trial_id": 13, "state": 2, "values": [0.95238196849823], "datetime_complete": "2024-07-01T09:51:09.651677"}
{"op_code": 4, "worker_id": "f062afb8-89ba-410b-bcdc-6b92a84cfcd5-139932741366016", "study_id": 0, "datetime_start": "2024-07-01T09:51:09.777672"}
{"op_code": 5, "worker_id": "f062afb8-89ba-410b-bcdc-6b92a84cfcd5-139932741366016", "trial_id": 14, "param_name": "lr", "param_value_internal": 0.0008605676069275048, "distribution": "{\"name\": \"FloatDistribution\", \"attributes\": {\"step\": null, \"low\": 1e-05, \"high\": 0.001, \"log\": true}}"}
{"op_code": 5, "worker_id": "f062afb8-89ba-410b-bcdc-6b92a84cfcd5-139932741366016", "trial_id": 14, "param_name": "epochs", "param_value_internal": 25.0, "distribution": "{\"name\": \"IntDistribution\", \"attributes\": {\"log\": false, \"step\": 5, \"low\": 20, \"high\": 40}}"}
{"op_code": 5, "worker_id": "f062afb8-89ba-410b-bcdc-6b92a84cfcd5-139932741366016", "trial_id": 14, "param_name": "hidden_dim", "param_value_internal": 300.0, "distribution": "{\"name\": \"IntDistribution\", \"attributes\": {\"log\": false, \"step\": 50, \"low\": 50, \"high\": 500}}"}
{"op_code": 5, "worker_id": "f062afb8-89ba-410b-bcdc-6b92a84cfcd5-139932741366016", "trial_id": 14, "param_name": "epoch_annealing", "param_value_internal": 30.0, "distribution": "{\"name\": \"IntDistribution\", \"attributes\": {\"log\": false, \"step\": 1, \"low\": 15, \"high\": 30}}"}
{"op_code": 5, "worker_id": "f062afb8-89ba-410b-bcdc-6b92a84cfcd5-139932741366016", "trial_id": 14, "param_name": "reset_mechanism", "param_value_internal": 1, "distribution": "{\"name\": \"CategoricalDistribution\", \"attributes\": {\"choices\": [\"zero\", \"subtract\"]}}"}
{"op_code": 7, "worker_id": "f062afb8-89ba-410b-bcdc-6b92a84cfcd5-139932741366016", "trial_id": 14, "step": 25, "intermediate_value": 0.7578303813934326}
{"op_code": 9, "worker_id": "f062afb8-89ba-410b-bcdc-6b92a84cfcd5-139932741366016", "trial_id": 14, "system_attr": {"completed_rung_0": 0.7578303813934326}}
{"op_code": 9, "worker_id": "f062afb8-89ba-410b-bcdc-6b92a84cfcd5-139932741366016", "trial_id": 14, "system_attr": {"completed_rung_1": 0.7578303813934326}}
{"op_code": 6, "worker_id": "f062afb8-89ba-410b-bcdc-6b92a84cfcd5-139932741366016", "trial_id": 14, "state": 2, "values": [0.7578303813934326], "datetime_complete": "2024-07-01T09:53:53.049880"}
{"op_code": 4, "worker_id": "f062afb8-89ba-410b-bcdc-6b92a84cfcd5-139932741366016", "study_id": 0, "datetime_start": "2024-07-01T09:53:53.188283"}
{"op_code": 5, "worker_id": "f062afb8-89ba-410b-bcdc-6b92a84cfcd5-139932741366016", "trial_id": 15, "param_name": "lr", "param_value_internal": 0.00016348666721049777, "distribution": "{\"name\": \"FloatDistribution\", \"attributes\": {\"step\": null, \"low\": 1e-05, \"high\": 0.001, \"log\": true}}"}
{"op_code": 5, "worker_id": "f062afb8-89ba-410b-bcdc-6b92a84cfcd5-139932741366016", "trial_id": 15, "param_name": "epochs", "param_value_internal": 35.0, "distribution": "{\"name\": \"IntDistribution\", \"attributes\": {\"log\": false, \"step\": 5, \"low\": 20, \"high\": 40}}"}
{"op_code": 5, "worker_id": "f062afb8-89ba-410b-bcdc-6b92a84cfcd5-139932741366016", "trial_id": 15, "param_name": "hidden_dim", "param_value_internal": 150.0, "distribution": "{\"name\": \"IntDistribution\", \"attributes\": {\"log\": false, \"step\": 50, \"low\": 50, \"high\": 500}}"}
{"op_code": 5, "worker_id": "f062afb8-89ba-410b-bcdc-6b92a84cfcd5-139932741366016", "trial_id": 15, "param_name": "epoch_annealing", "param_value_internal": 28.0, "distribution": "{\"name\": \"IntDistribution\", \"attributes\": {\"log\": false, \"step\": 1, \"low\": 15, \"high\": 30}}"}
{"op_code": 5, "worker_id": "f062afb8-89ba-410b-bcdc-6b92a84cfcd5-139932741366016", "trial_id": 15, "param_name": "reset_mechanism", "param_value_internal": 1, "distribution": "{\"name\": \"CategoricalDistribution\", \"attributes\": {\"choices\": [\"zero\", \"subtract\"]}}"}
{"op_code": 7, "worker_id": "f062afb8-89ba-410b-bcdc-6b92a84cfcd5-139932741366016", "trial_id": 15, "step": 35, "intermediate_value": 0.9523811340332031}
{"op_code": 9, "worker_id": "f062afb8-89ba-410b-bcdc-6b92a84cfcd5-139932741366016", "trial_id": 15, "system_attr": {"completed_rung_0": 0.9523811340332031}}
{"op_code": 6, "worker_id": "f062afb8-89ba-410b-bcdc-6b92a84cfcd5-139932741366016", "trial_id": 15, "state": 2, "values": [0.9523811340332031], "datetime_complete": "2024-07-01T09:55:50.937843"}
{"op_code": 4, "worker_id": "f062afb8-89ba-410b-bcdc-6b92a84cfcd5-139932741366016", "study_id": 0, "datetime_start": "2024-07-01T09:55:51.072696"}
{"op_code": 5, "worker_id": "f062afb8-89ba-410b-bcdc-6b92a84cfcd5-139932741366016", "trial_id": 16, "param_name": "lr", "param_value_internal": 7.855857239999249e-05, "distribution": "{\"name\": \"FloatDistribution\", \"attributes\": {\"step\": null, \"low\": 1e-05, \"high\": 0.001, \"log\": true}}"}
{"op_code": 5, "worker_id": "f062afb8-89ba-410b-bcdc-6b92a84cfcd5-139932741366016", "trial_id": 16, "param_name": "epochs", "param_value_internal": 25.0, "distribution": "{\"name\": \"IntDistribution\", \"attributes\": {\"log\": false, \"step\": 5, \"low\": 20, \"high\": 40}}"}
{"op_code": 5, "worker_id": "f062afb8-89ba-410b-bcdc-6b92a84cfcd5-139932741366016", "trial_id": 16, "param_name": "hidden_dim", "param_value_internal": 500.0, "distribution": "{\"name\": \"IntDistribution\", \"attributes\": {\"log\": false, \"step\": 50, \"low\": 50, \"high\": 500}}"}
{"op_code": 5, "worker_id": "f062afb8-89ba-410b-bcdc-6b92a84cfcd5-139932741366016", "trial_id": 16, "param_name": "epoch_annealing", "param_value_internal": 22.0, "distribution": "{\"name\": \"IntDistribution\", \"attributes\": {\"log\": false, \"step\": 1, \"low\": 15, \"high\": 30}}"}
{"op_code": 5, "worker_id": "f062afb8-89ba-410b-bcdc-6b92a84cfcd5-139932741366016", "trial_id": 16, "param_name": "reset_mechanism", "param_value_internal": 1, "distribution": "{\"name\": \"CategoricalDistribution\", \"attributes\": {\"choices\": [\"zero\", \"subtract\"]}}"}
{"op_code": 7, "worker_id": "f062afb8-89ba-410b-bcdc-6b92a84cfcd5-139932741366016", "trial_id": 16, "step": 25, "intermediate_value": 0.9029839634895325}
{"op_code": 9, "worker_id": "f062afb8-89ba-410b-bcdc-6b92a84cfcd5-139932741366016", "trial_id": 16, "system_attr": {"completed_rung_0": 0.9029839634895325}}
{"op_code": 6, "worker_id": "f062afb8-89ba-410b-bcdc-6b92a84cfcd5-139932741366016", "trial_id": 16, "state": 2, "values": [0.9029839634895325], "datetime_complete": "2024-07-01T09:59:34.063519"}
{"op_code": 4, "worker_id": "f062afb8-89ba-410b-bcdc-6b92a84cfcd5-139932741366016", "study_id": 0, "datetime_start": "2024-07-01T09:59:34.194311"}
{"op_code": 5, "worker_id": "f062afb8-89ba-410b-bcdc-6b92a84cfcd5-139932741366016", "trial_id": 17, "param_name": "lr", "param_value_internal": 1.273931949012483e-05, "distribution": "{\"name\": \"FloatDistribution\", \"attributes\": {\"step\": null, \"low\": 1e-05, \"high\": 0.001, \"log\": true}}"}
{"op_code": 5, "worker_id": "f062afb8-89ba-410b-bcdc-6b92a84cfcd5-139932741366016", "trial_id": 17, "param_name": "epochs", "param_value_internal": 40.0, "distribution": "{\"name\": \"IntDistribution\", \"attributes\": {\"log\": false, \"step\": 5, \"low\": 20, \"high\": 40}}"}
{"op_code": 5, "worker_id": "f062afb8-89ba-410b-bcdc-6b92a84cfcd5-139932741366016", "trial_id": 17, "param_name": "hidden_dim", "param_value_internal": 250.0, "distribution": "{\"name\": \"IntDistribution\", \"attributes\": {\"log\": false, \"step\": 50, \"low\": 50, \"high\": 500}}"}
{"op_code": 5, "worker_id": "f062afb8-89ba-410b-bcdc-6b92a84cfcd5-139932741366016", "trial_id": 17, "param_name": "epoch_annealing", "param_value_internal": 25.0, "distribution": "{\"name\": \"IntDistribution\", \"attributes\": {\"log\": false, \"step\": 1, \"low\": 15, \"high\": 30}}"}
{"op_code": 5, "worker_id": "f062afb8-89ba-410b-bcdc-6b92a84cfcd5-139932741366016", "trial_id": 17, "param_name": "reset_mechanism", "param_value_internal": 1, "distribution": "{\"name\": \"CategoricalDistribution\", \"attributes\": {\"choices\": [\"zero\", \"subtract\"]}}"}
{"op_code": 7, "worker_id": "f062afb8-89ba-410b-bcdc-6b92a84cfcd5-139932741366016", "trial_id": 17, "step": 40, "intermediate_value": 0.9523835182189941}
{"op_code": 9, "worker_id": "f062afb8-89ba-410b-bcdc-6b92a84cfcd5-139932741366016", "trial_id": 17, "system_attr": {"completed_rung_0": 0.9523835182189941}}
{"op_code": 6, "worker_id": "f062afb8-89ba-410b-bcdc-6b92a84cfcd5-139932741366016", "trial_id": 17, "state": 2, "values": [0.9523835182189941], "datetime_complete": "2024-07-01T10:01:21.609817"}
{"op_code": 4, "worker_id": "f062afb8-89ba-410b-bcdc-6b92a84cfcd5-139932741366016", "study_id": 0, "datetime_start": "2024-07-01T10:01:21.747793"}
{"op_code": 5, "worker_id": "f062afb8-89ba-410b-bcdc-6b92a84cfcd5-139932741366016", "trial_id": 18, "param_name": "lr", "param_value_internal": 0.0006060062366236528, "distribution": "{\"name\": \"FloatDistribution\", \"attributes\": {\"step\": null, \"low\": 1e-05, \"high\": 0.001, \"log\": true}}"}
{"op_code": 5, "worker_id": "f062afb8-89ba-410b-bcdc-6b92a84cfcd5-139932741366016", "trial_id": 18, "param_name": "epochs", "param_value_internal": 35.0, "distribution": "{\"name\": \"IntDistribution\", \"attributes\": {\"log\": false, \"step\": 5, \"low\": 20, \"high\": 40}}"}
{"op_code": 5, "worker_id": "f062afb8-89ba-410b-bcdc-6b92a84cfcd5-139932741366016", "trial_id": 18, "param_name": "hidden_dim", "param_value_internal": 150.0, "distribution": "{\"name\": \"IntDistribution\", \"attributes\": {\"log\": false, \"step\": 50, \"low\": 50, \"high\": 500}}"}
{"op_code": 5, "worker_id": "f062afb8-89ba-410b-bcdc-6b92a84cfcd5-139932741366016", "trial_id": 18, "param_name": "epoch_annealing", "param_value_internal": 18.0, "distribution": "{\"name\": \"IntDistribution\", \"attributes\": {\"log\": false, \"step\": 1, \"low\": 15, \"high\": 30}}"}
{"op_code": 5, "worker_id": "f062afb8-89ba-410b-bcdc-6b92a84cfcd5-139932741366016", "trial_id": 18, "param_name": "reset_mechanism", "param_value_internal": 1, "distribution": "{\"name\": \"CategoricalDistribution\", \"attributes\": {\"choices\": [\"zero\", \"subtract\"]}}"}
{"op_code": 7, "worker_id": "f062afb8-89ba-410b-bcdc-6b92a84cfcd5-139932741366016", "trial_id": 18, "step": 35, "intermediate_value": 0.7890464067459106}
{"op_code": 9, "worker_id": "f062afb8-89ba-410b-bcdc-6b92a84cfcd5-139932741366016", "trial_id": 18, "system_attr": {"completed_rung_0": 0.7890464067459106}}
{"op_code": 6, "worker_id": "f062afb8-89ba-410b-bcdc-6b92a84cfcd5-139932741366016", "trial_id": 18, "state": 2, "values": [0.7890464067459106], "datetime_complete": "2024-07-01T10:07:44.023469"}
{"op_code": 4, "worker_id": "f062afb8-89ba-410b-bcdc-6b92a84cfcd5-139932741366016", "study_id": 0, "datetime_start": "2024-07-01T10:07:44.161234"}
{"op_code": 5, "worker_id": "f062afb8-89ba-410b-bcdc-6b92a84cfcd5-139932741366016", "trial_id": 19, "param_name": "lr", "param_value_internal": 0.00019339630236406738, "distribution": "{\"name\": \"FloatDistribution\", \"attributes\": {\"step\": null, \"low\": 1e-05, \"high\": 0.001, \"log\": true}}"}
{"op_code": 5, "worker_id": "f062afb8-89ba-410b-bcdc-6b92a84cfcd5-139932741366016", "trial_id": 19, "param_name": "epochs", "param_value_internal": 30.0, "distribution": "{\"name\": \"IntDistribution\", \"attributes\": {\"log\": false, \"step\": 5, \"low\": 20, \"high\": 40}}"}
{"op_code": 5, "worker_id": "f062afb8-89ba-410b-bcdc-6b92a84cfcd5-139932741366016", "trial_id": 19, "param_name": "hidden_dim", "param_value_internal": 350.0, "distribution": "{\"name\": \"IntDistribution\", \"attributes\": {\"log\": false, \"step\": 50, \"low\": 50, \"high\": 500}}"}
{"op_code": 5, "worker_id": "f062afb8-89ba-410b-bcdc-6b92a84cfcd5-139932741366016", "trial_id": 19, "param_name": "epoch_annealing", "param_value_internal": 28.0, "distribution": "{\"name\": \"IntDistribution\", \"attributes\": {\"log\": false, \"step\": 1, \"low\": 15, \"high\": 30}}"}
{"op_code": 5, "worker_id": "f062afb8-89ba-410b-bcdc-6b92a84cfcd5-139932741366016", "trial_id": 19, "param_name": "reset_mechanism", "param_value_internal": 1, "distribution": "{\"name\": \"CategoricalDistribution\", \"attributes\": {\"choices\": [\"zero\", \"subtract\"]}}"}
{"op_code": 7, "worker_id": "f062afb8-89ba-410b-bcdc-6b92a84cfcd5-139932741366016", "trial_id": 19, "step": 30, "intermediate_value": 0.9523836374282837}
{"op_code": 9, "worker_id": "f062afb8-89ba-410b-bcdc-6b92a84cfcd5-139932741366016", "trial_id": 19, "system_attr": {"completed_rung_0": 0.9523836374282837}}
{"op_code": 6, "worker_id": "f062afb8-89ba-410b-bcdc-6b92a84cfcd5-139932741366016", "trial_id": 19, "state": 2, "values": [0.9523836374282837], "datetime_complete": "2024-07-01T10:09:46.303502"}
{"op_code": 4, "worker_id": "f062afb8-89ba-410b-bcdc-6b92a84cfcd5-139932741366016", "study_id": 0, "datetime_start": "2024-07-01T10:09:46.442212"}
{"op_code": 5, "worker_id": "f062afb8-89ba-410b-bcdc-6b92a84cfcd5-139932741366016", "trial_id": 20, "param_name": "lr", "param_value_internal": 2.9375830689083843e-05, "distribution": "{\"name\": \"FloatDistribution\", \"attributes\": {\"step\": null, \"low\": 1e-05, \"high\": 0.001, \"log\": true}}"}
{"op_code": 5, "worker_id": "f062afb8-89ba-410b-bcdc-6b92a84cfcd5-139932741366016", "trial_id": 20, "param_name": "epochs", "param_value_internal": 25.0, "distribution": "{\"name\": \"IntDistribution\", \"attributes\": {\"log\": false, \"step\": 5, \"low\": 20, \"high\": 40}}"}
{"op_code": 5, "worker_id": "f062afb8-89ba-410b-bcdc-6b92a84cfcd5-139932741366016", "trial_id": 20, "param_name": "hidden_dim", "param_value_internal": 400.0, "distribution": "{\"name\": \"IntDistribution\", \"attributes\": {\"log\": false, \"step\": 50, \"low\": 50, \"high\": 500}}"}
{"op_code": 5, "worker_id": "f062afb8-89ba-410b-bcdc-6b92a84cfcd5-139932741366016", "trial_id": 20, "param_name": "epoch_annealing", "param_value_internal": 23.0, "distribution": "{\"name\": \"IntDistribution\", \"attributes\": {\"log\": false, \"step\": 1, \"low\": 15, \"high\": 30}}"}
{"op_code": 5, "worker_id": "f062afb8-89ba-410b-bcdc-6b92a84cfcd5-139932741366016", "trial_id": 20, "param_name": "reset_mechanism", "param_value_internal": 1, "distribution": "{\"name\": \"CategoricalDistribution\", \"attributes\": {\"choices\": [\"zero\", \"subtract\"]}}"}
{"op_code": 7, "worker_id": "f062afb8-89ba-410b-bcdc-6b92a84cfcd5-139932741366016", "trial_id": 20, "step": 25, "intermediate_value": 0.7898266315460205}
{"op_code": 9, "worker_id": "f062afb8-89ba-410b-bcdc-6b92a84cfcd5-139932741366016", "trial_id": 20, "system_attr": {"completed_rung_0": 0.7898266315460205}}
{"op_code": 6, "worker_id": "f062afb8-89ba-410b-bcdc-6b92a84cfcd5-139932741366016", "trial_id": 20, "state": 2, "values": [0.7898266315460205], "datetime_complete": "2024-07-01T10:16:37.392772"}
{"op_code": 0, "worker_id": "a3c5b712-f425-493e-886c-0960435835c4-140075992677248", "study_name": "snn-study", "directions": [1]}
